#
# A fatal error has been detected by the Java Runtime Environment:
#
#  Internal Error (javaCalls.cpp:51), pid=13048, tid=0x000000000000a538
#  guarantee(thread->is_Java_thread()) failed: crucial check - the VM thread cannot and must not escape to Java code
#
# JRE version: Java(TM) SE Runtime Environment (8.0_201-b09) (build 1.8.0_201-b09)
# Java VM: Java HotSpot(TM) 64-Bit Server VM (25.201-b09 mixed mode windows-amd64 compressed oops)
# Failed to write core dump. Minidumps are not enabled by default on client versions of Windows
#
# If you would like to submit a bug report, please visit:
#   http://bugreport.java.com/bugreport/crash.jsp
#

---------------  T H R E A D  ---------------

Current thread (0x000000001cb58000):  VMThread [stack: 0x000000001e230000,0x000000001e330000] [id=42296]

Stack: [0x000000001e230000,0x000000001e330000]
[error occurred during error reporting (printing stack bounds), id 0xc0000005]

Native frames: (J=compiled Java code, j=interpreted, Vv=VM code, C=native code)

VM_Operation (0x000000001ec2f250): GetOrSetLocal, mode: safepoint, requested by thread 0x000000001e58c000


---------------  P R O C E S S  ---------------

Java Threads: ( => current thread )
  0x0000000027abd000 JavaThread "Druid-ConnectionPool-Destroy-2057313241" daemon [_thread_blocked, id=30936, stack(0x0000000025510000,0x0000000025610000)]
  0x0000000027abc800 JavaThread "Druid-ConnectionPool-Create-2057313241" daemon [_thread_blocked, id=37372, stack(0x0000000022d60000,0x0000000022e60000)]
  0x000000002410f800 JavaThread "Abandoned connection cleanup thread" daemon [_thread_blocked, id=11672, stack(0x0000000022a00000,0x0000000022b00000)]
  0x000000001e5c4000 JavaThread "Service Thread" daemon [_thread_blocked, id=35104, stack(0x000000001f130000,0x000000001f230000)]
  0x000000001e5be800 JavaThread "C1 CompilerThread2" daemon [_thread_blocked, id=38528, stack(0x000000001f030000,0x000000001f130000)]
  0x000000001e5ba800 JavaThread "C2 CompilerThread1" daemon [_thread_blocked, id=41332, stack(0x000000001ef30000,0x000000001f030000)]
  0x000000001e5af000 JavaThread "C2 CompilerThread0" daemon [_thread_blocked, id=30376, stack(0x000000001ee30000,0x000000001ef30000)]
  0x000000001e59d800 JavaThread "JDWP Command Reader" daemon [_thread_in_native, id=37404, stack(0x000000001ed30000,0x000000001ee30000)]
  0x000000001e598800 JavaThread "JDWP Event Helper Thread" daemon [_thread_blocked, id=12132, stack(0x000000001ec30000,0x000000001ed30000)]
  0x000000001e58c000 JavaThread "JDWP Transport Listener: dt_socket" daemon [_thread_blocked, id=20944, stack(0x000000001eb30000,0x000000001ec30000)]
  0x000000001e586800 JavaThread "Attach Listener" daemon [_thread_blocked, id=11032, stack(0x000000001ea30000,0x000000001eb30000)]
  0x000000001e53b800 JavaThread "Signal Dispatcher" daemon [_thread_blocked, id=40900, stack(0x000000001e930000,0x000000001ea30000)]
  0x000000000340d000 JavaThread "Finalizer" daemon [_thread_blocked, id=41892, stack(0x000000001e430000,0x000000001e530000)]
  0x000000001cb7b800 JavaThread "Reference Handler" daemon [_thread_blocked, id=32172, stack(0x000000001e330000,0x000000001e430000)]
  0x0000000003317800 JavaThread "main" [_thread_blocked, id=42932, stack(0x0000000003210000,0x0000000003310000)]

Other Threads:
=>0x000000001cb58000 VMThread [stack: 0x000000001e230000,0x000000001e330000] [id=42296]
  0x000000001e6dc000 WatcherThread [stack: 0x000000001f230000,0x000000001f330000] [id=25680]

VM state:at safepoint (normal execution)

VM Mutex/Monitor currently owned by a thread:  ([mutex/lock_event])
[0x0000000003314000] Threads_lock - owner thread: 0x000000001cb58000

heap address: 0x00000006c2a00000, size: 4054 MB, Compressed Oops mode: Zero based, Oop shift amount: 3
Narrow klass base: 0x0000000000000000, Narrow klass shift: 3
Compressed class space size: 1073741824 Address: 0x00000007c0000000

Heap:
 PSYoungGen      total 218112K, used 67857K [0x000000076b900000, 0x000000077a500000, 0x00000007c0000000)
  eden space 208896K, 28% used [0x000000076b900000,0x000000076f2897f8,0x0000000778500000)
  from space 9216K, 97% used [0x0000000779c00000,0x000000077a4bafa0,0x000000077a500000)
  to   space 16384K, 0% used [0x0000000778500000,0x0000000778500000,0x0000000779500000)
 ParOldGen       total 254976K, used 28795K [0x00000006c2a00000, 0x00000006d2300000, 0x000000076b900000)
  object space 254976K, 11% used [0x00000006c2a00000,0x00000006c461ed00,0x00000006d2300000)
 Metaspace       used 62610K, capacity 65216K, committed 65496K, reserved 1105920K
  class space    used 8239K, capacity 8700K, committed 8704K, reserved 1048576K

Card table byte_map: [0x00000000127d0000,0x0000000012fc0000] byte_map_base: 0x000000000f1bb000

Marking Bits: (ParMarkBitMap*) 0x0000000057824ce0
 Begin Bits: [0x0000000013b10000, 0x0000000017a68000)
 End Bits:   [0x0000000017a68000, 0x000000001b9c0000)

Polling page: 0x00000000014e0000

CodeCache: size=245760Kb used=19773Kb max_used=19924Kb free=225986Kb
 bounds [0x0000000003410000, 0x0000000004820000, 0x0000000012410000]
 total_blobs=5962 nmethods=5399 adapters=483
 compilation: enabled

Compilation events (10 events):
Event: 9.272 Thread 0x000000001e5ba800 nmethod 6005 0x0000000003c24550 code [0x0000000003c246e0, 0x0000000003c25388]
Event: 9.272 Thread 0x000000001e5ba800 5985       4       java.lang.Class::privateGetMethodRecursive (130 bytes)
Event: 9.490 Thread 0x000000001e5ba800 nmethod 5985 0x00000000047adf90 code [0x00000000047ae6a0, 0x00000000047ba378]
Event: 9.491 Thread 0x000000001e5ba800 5411       4       org.springframework.util.ConcurrentReferenceHashMap::getEntryIfAvailable (24 bytes)
Event: 9.493 Thread 0x000000001e5ba800 nmethod 5411 0x00000000035f86d0 code [0x00000000035f8840, 0x00000000035f8be8]
Event: 9.493 Thread 0x000000001e5ba800 5670       4       org.springframework.util.CollectionUtils::isEmpty (19 bytes)
Event: 9.493 Thread 0x000000001e5ba800 nmethod 5670 0x00000000035a9990 code [0x00000000035a9ac0, 0x00000000035a9b38]
Event: 9.494 Thread 0x000000001e5ba800 5264       4       java.lang.AbstractStringBuilder::append (62 bytes)
Event: 9.501 Thread 0x000000001e5ba800 nmethod 5264 0x0000000003722a50 code [0x0000000003722bc0, 0x0000000003723578]
Event: 9.726 Thread 0x000000001e5af000 nmethod 5964 0x00000000047e2910 code [0x00000000047e37c0, 0x00000000047fdb40]

GC Heap History (10 events):
Event: 5.036 GC heap before
{Heap before GC invocations=9 (full 2):
 PSYoungGen      total 145408K, used 133632K [0x000000076b900000, 0x0000000777d00000, 0x00000007c0000000)
  eden space 133632K, 100% used [0x000000076b900000,0x0000000773b80000,0x0000000773b80000)
  from space 11776K, 0% used [0x0000000774700000,0x0000000774700000,0x0000000775280000)
  to   space 11776K, 0% used [0x0000000773b80000,0x0000000773b80000,0x0000000774700000)
 ParOldGen       total 171008K, used 13922K [0x00000006c2a00000, 0x00000006cd100000, 0x000000076b900000)
  object space 171008K, 8% used [0x00000006c2a00000,0x00000006c3798928,0x00000006cd100000)
 Metaspace       used 45719K, capacity 47160K, committed 47448K, reserved 1091584K
  class space    used 5948K, capacity 6270K, committed 6272K, reserved 1048576K
Event: 5.043 GC heap after
Heap after GC invocations=9 (full 2):
 PSYoungGen      total 145408K, used 11749K [0x000000076b900000, 0x0000000778700000, 0x00000007c0000000)
  eden space 133632K, 0% used [0x000000076b900000,0x000000076b900000,0x0000000773b80000)
  from space 11776K, 99% used [0x0000000773b80000,0x00000007746f9458,0x0000000774700000)
  to   space 13312K, 0% used [0x0000000777a00000,0x0000000777a00000,0x0000000778700000)
 ParOldGen       total 171008K, used 14304K [0x00000006c2a00000, 0x00000006cd100000, 0x000000076b900000)
  object space 171008K, 8% used [0x00000006c2a00000,0x00000006c37f8020,0x00000006cd100000)
 Metaspace       used 45719K, capacity 47160K, committed 47448K, reserved 1091584K
  class space    used 5948K, capacity 6270K, committed 6272K, reserved 1048576K
}
Event: 6.588 GC heap before
{Heap before GC invocations=10 (full 2):
 PSYoungGen      total 145408K, used 145381K [0x000000076b900000, 0x0000000778700000, 0x00000007c0000000)
  eden space 133632K, 100% used [0x000000076b900000,0x0000000773b80000,0x0000000773b80000)
  from space 11776K, 99% used [0x0000000773b80000,0x00000007746f9458,0x0000000774700000)
  to   space 13312K, 0% used [0x0000000777a00000,0x0000000777a00000,0x0000000778700000)
 ParOldGen       total 171008K, used 14304K [0x00000006c2a00000, 0x00000006cd100000, 0x000000076b900000)
  object space 171008K, 8% used [0x00000006c2a00000,0x00000006c37f8020,0x00000006cd100000)
 Metaspace       used 51475K, capacity 52926K, committed 53336K, reserved 1095680K
  class space    used 6685K, capacity 6965K, committed 7040K, reserved 1048576K
Event: 6.596 GC heap after
Heap after GC invocations=10 (full 2):
 PSYoungGen      total 191488K, used 11913K [0x000000076b900000, 0x0000000778600000, 0x00000007c0000000)
  eden space 179200K, 0% used [0x000000076b900000,0x000000076b900000,0x0000000776800000)
  from space 12288K, 96% used [0x0000000777a00000,0x00000007785a2650,0x0000000778600000)
  to   space 14336K, 0% used [0x0000000776a00000,0x0000000776a00000,0x0000000777800000)
 ParOldGen       total 171008K, used 14312K [0x00000006c2a00000, 0x00000006cd100000, 0x000000076b900000)
  object space 171008K, 8% used [0x00000006c2a00000,0x00000006c37fa020,0x00000006cd100000)
 Metaspace       used 51475K, capacity 52926K, committed 53336K, reserved 1095680K
  class space    used 6685K, capacity 6965K, committed 7040K, reserved 1048576K
}
Event: 7.522 GC heap before
{Heap before GC invocations=11 (full 2):
 PSYoungGen      total 191488K, used 163060K [0x000000076b900000, 0x0000000778600000, 0x00000007c0000000)
  eden space 179200K, 84% used [0x000000076b900000,0x0000000774c9aaf8,0x0000000776800000)
  from space 12288K, 96% used [0x0000000777a00000,0x00000007785a2650,0x0000000778600000)
  to   space 14336K, 0% used [0x0000000776a00000,0x0000000776a00000,0x0000000777800000)
 ParOldGen       total 171008K, used 14312K [0x00000006c2a00000, 0x00000006cd100000, 0x000000076b900000)
  object space 171008K, 8% used [0x00000006c2a00000,0x00000006c37fa020,0x00000006cd100000)
 Metaspace       used 56955K, capacity 59022K, committed 59028K, reserved 1101824K
  class space    used 7394K, capacity 7805K, committed 7808K, reserved 1048576K
Event: 7.532 GC heap after
Heap after GC invocations=11 (full 2):
 PSYoungGen      total 195584K, used 14310K [0x000000076b900000, 0x000000077ac80000, 0x00000007c0000000)
  eden space 181248K, 0% used [0x000000076b900000,0x000000076b900000,0x0000000776a00000)
  from space 14336K, 99% used [0x0000000776a00000,0x00000007777f9a60,0x0000000777800000)
  to   space 16896K, 0% used [0x0000000779c00000,0x0000000779c00000,0x000000077ac80000)
 ParOldGen       total 171008K, used 16914K [0x00000006c2a00000, 0x00000006cd100000, 0x000000076b900000)
  object space 171008K, 9% used [0x00000006c2a00000,0x00000006c3a849c8,0x00000006cd100000)
 Metaspace       used 56955K, capacity 59022K, committed 59028K, reserved 1101824K
  class space    used 7394K, capacity 7805K, committed 7808K, reserved 1048576K
}
Event: 7.532 GC heap before
{Heap before GC invocations=12 (full 3):
 PSYoungGen      total 195584K, used 14310K [0x000000076b900000, 0x000000077ac80000, 0x00000007c0000000)
  eden space 181248K, 0% used [0x000000076b900000,0x000000076b900000,0x0000000776a00000)
  from space 14336K, 99% used [0x0000000776a00000,0x00000007777f9a60,0x0000000777800000)
  to   space 16896K, 0% used [0x0000000779c00000,0x0000000779c00000,0x000000077ac80000)
 ParOldGen       total 171008K, used 16914K [0x00000006c2a00000, 0x00000006cd100000, 0x000000076b900000)
  object space 171008K, 9% used [0x00000006c2a00000,0x00000006c3a849c8,0x00000006cd100000)
 Metaspace       used 56955K, capacity 59022K, committed 59028K, reserved 1101824K
  class space    used 7394K, capacity 7805K, committed 7808K, reserved 1048576K
Event: 7.683 GC heap after
Heap after GC invocations=12 (full 3):
 PSYoungGen      total 195584K, used 0K [0x000000076b900000, 0x000000077ac80000, 0x00000007c0000000)
  eden space 181248K, 0% used [0x000000076b900000,0x000000076b900000,0x0000000776a00000)
  from space 14336K, 0% used [0x0000000776a00000,0x0000000776a00000,0x0000000777800000)
  to   space 16896K, 0% used [0x0000000779c00000,0x0000000779c00000,0x000000077ac80000)
 ParOldGen       total 254976K, used 28787K [0x00000006c2a00000, 0x00000006d2300000, 0x000000076b900000)
  object space 254976K, 11% used [0x00000006c2a00000,0x00000006c461cd00,0x00000006d2300000)
 Metaspace       used 56955K, capacity 59022K, committed 59028K, reserved 1101824K
  class space    used 7394K, capacity 7805K, committed 7808K, reserved 1048576K
}
Event: 8.770 GC heap before
{Heap before GC invocations=13 (full 3):
 PSYoungGen      total 195584K, used 181248K [0x000000076b900000, 0x000000077ac80000, 0x00000007c0000000)
  eden space 181248K, 100% used [0x000000076b900000,0x0000000776a00000,0x0000000776a00000)
  from space 14336K, 0% used [0x0000000776a00000,0x0000000776a00000,0x0000000777800000)
  to   space 16896K, 0% used [0x0000000779c00000,0x0000000779c00000,0x000000077ac80000)
 ParOldGen       total 254976K, used 28787K [0x00000006c2a00000, 0x00000006d2300000, 0x000000076b900000)
  object space 254976K, 11% used [0x00000006c2a00000,0x00000006c461cd00,0x00000006d2300000)
 Metaspace       used 59904K, capacity 62462K, committed 62680K, reserved 1103872K
  class space    used 7878K, capacity 8329K, committed 8448K, reserved 1048576K
Event: 8.776 GC heap after
Heap after GC invocations=13 (full 3):
 PSYoungGen      total 218112K, used 8939K [0x000000076b900000, 0x000000077a500000, 0x00000007c0000000)
  eden space 208896K, 0% used [0x000000076b900000,0x000000076b900000,0x0000000778500000)
  from space 9216K, 97% used [0x0000000779c00000,0x000000077a4bafa0,0x000000077a500000)
  to   space 16384K, 0% used [0x0000000778500000,0x0000000778500000,0x0000000779500000)
 ParOldGen       total 254976K, used 28795K [0x00000006c2a00000, 0x00000006d2300000, 0x000000076b900000)
  object space 254976K, 11% used [0x00000006c2a00000,0x00000006c461ed00,0x00000006d2300000)
 Metaspace       used 59904K, capacity 62462K, committed 62680K, reserved 1103872K
  class space    used 7878K, capacity 8329K, committed 8448K, reserved 1048576K
}

Deoptimization events (10 events):
Event: 8.022 Thread 0x0000000003317800 Uncommon trap: reason=unstable_if action=reinterpret pc=0x000000000392f470 method=java.util.concurrent.ConcurrentHashMap.transfer([Ljava/util/concurrent/ConcurrentHashMap$Node;[Ljava/util/concurrent/ConcurrentHashMap$Node;)V @ 356
Event: 8.023 Thread 0x0000000003317800 Uncommon trap: reason=unstable_if action=reinterpret pc=0x000000000387d624 method=java.util.concurrent.ConcurrentHashMap.transfer([Ljava/util/concurrent/ConcurrentHashMap$Node;[Ljava/util/concurrent/ConcurrentHashMap$Node;)V @ 356
Event: 8.062 Thread 0x0000000003317800 Uncommon trap: reason=unstable_if action=reinterpret pc=0x00000000041a9920 method=java.util.concurrent.ConcurrentHashMap.get(Ljava/lang/Object;)Ljava/lang/Object; @ 86
Event: 8.283 Thread 0x0000000003317800 Uncommon trap: reason=unstable_if action=reinterpret pc=0x0000000003d2417c method=org.springframework.util.AntPathMatcher.skipSegment(Ljava/lang/String;ILjava/lang/String;)I @ 60
Event: 8.299 Thread 0x0000000003317800 Uncommon trap: reason=unstable_if action=reinterpret pc=0x0000000003f26814 method=java.util.regex.Pattern$LastNode.match(Ljava/util/regex/Matcher;ILjava/lang/CharSequence;)Z @ 13
Event: 8.690 Thread 0x0000000003317800 Uncommon trap: reason=unstable_if action=reinterpret pc=0x0000000003a3a724 method=org.springframework.asm.ClassReader.readFrame(IZZLorg/springframework/asm/Context;)I @ 140
Event: 8.903 Thread 0x0000000003317800 Uncommon trap: reason=unstable_if action=reinterpret pc=0x00000000040a3f54 method=org.springframework.util.ConcurrentReferenceHashMap$Segment.clear()V @ 4
Event: 8.924 Thread 0x0000000003317800 Uncommon trap: reason=unstable_if action=reinterpret pc=0x0000000003cba9c0 method=java.util.LinkedHashMap.get(Ljava/lang/Object;)Ljava/lang/Object; @ 20
Event: 8.929 Thread 0x0000000003317800 Uncommon trap: reason=null_check action=make_not_entrant pc=0x0000000004765254 method=org.springframework.core.annotation.AnnotatedElementUtils.searchWithGetSemanticsInAnnotations(Ljava/lang/reflect/AnnotatedElement;Ljava/util/List;Ljava/lang/Class;Ljava/
Event: 9.145 Thread 0x0000000003317800 Uncommon trap: reason=unstable_if action=reinterpret pc=0x000000000422f71c method=java.lang.ClassLoader.checkCerts(Ljava/lang/String;Ljava/security/CodeSource;)V @ 29

Classes redefined (3 events):
Event: 124.283 Thread 0x000000001cb58000 redefined class name=work.devtools.modules.DEV.service.impl.Dev_companyServiceImplTest, count=1
Event: 414.279 Thread 0x000000001cb58000 redefined class name=work.devtools.modules.DEV.service.impl.Dev_companyServiceImplTest, count=2
Event: 647.226 Thread 0x000000001cb58000 redefined class name=work.devtools.modules.DEV.service.impl.Dev_companyServiceImplTest, count=3

Internal exceptions (10 events):
Event: 8.868 Thread 0x0000000003317800 Exception <a 'java/lang/ClassNotFoundException': org/springframework/web/context/ServletContextAwareCustomizer> (0x000000076cf4b060) thrown at [C:\re\workspace\8-2-build-windows-amd64-cygwin\jdk8u201\12322\hotspot\src\share\vm\classfile\systemDictionary.c
Event: 8.868 Thread 0x0000000003317800 Exception <a 'java/lang/ClassNotFoundException': org/springframework/beans/factory/InitializingBeanCustomizer> (0x000000076cf6c1e0) thrown at [C:\re\workspace\8-2-build-windows-amd64-cygwin\jdk8u201\12322\hotspot\src\share\vm\classfile\systemDictionary.cp
Event: 8.869 Thread 0x0000000003317800 Exception <a 'java/lang/ClassNotFoundException': org/springframework/beans/factory/DisposableBeanCustomizer> (0x000000076cf8b2c0) thrown at [C:\re\workspace\8-2-build-windows-amd64-cygwin\jdk8u201\12322\hotspot\src\share\vm\classfile\systemDictionary.cpp,
Event: 8.873 Thread 0x0000000003317800 Exception <a 'java/lang/ClassNotFoundException': java/lang/ObjectCustomizer> (0x000000076d0211f0) thrown at [C:\re\workspace\8-2-build-windows-amd64-cygwin\jdk8u201\12322\hotspot\src\share\vm\classfile\systemDictionary.cpp, line 210]
Event: 8.873 Thread 0x0000000003317800 Exception <a 'java/lang/ClassNotFoundException': org/springframework/web/multipart/support/StandardServletMultipartResolverCustomizer> (0x000000076d04da18) thrown at [C:\re\workspace\8-2-build-windows-amd64-cygwin\jdk8u201\12322\hotspot\src\share\vm\class
Event: 8.874 Thread 0x0000000003317800 Exception <a 'java/lang/ClassNotFoundException': org/springframework/web/multipart/MultipartResolverCustomizer> (0x000000076d073ed8) thrown at [C:\re\workspace\8-2-build-windows-amd64-cygwin\jdk8u201\12322\hotspot\src\share\vm\classfile\systemDictionary.c
Event: 8.924 Thread 0x0000000003317800 Exception <a 'java/lang/ClassNotFoundException': java/lang/ObjectCustomizer> (0x000000076d668d08) thrown at [C:\re\workspace\8-2-build-windows-amd64-cygwin\jdk8u201\12322\hotspot\src\share\vm\classfile\systemDictionary.cpp, line 210]
Event: 8.925 Thread 0x0000000003317800 Exception <a 'java/lang/ClassNotFoundException': work/devtools/modules/DEV/service/impl/Dev_companyServiceImplTestCustomizer> (0x000000076d692508) thrown at [C:\re\workspace\8-2-build-windows-amd64-cygwin\jdk8u201\12322\hotspot\src\share\vm\classfile\syst
Event: 8.929 Thread 0x0000000003317800 Implicit null exception at 0x000000000476108f to 0x0000000004765225
Event: 9.145 Thread 0x0000000003317800 Implicit null exception at 0x000000000422ef76 to 0x000000000422f70d

Events (10 events):
Event: 647.177 Executing VM operation: ChangeBreakpoints done
Event: 647.177 Executing VM operation: ChangeBreakpoints
Event: 647.177 Executing VM operation: ChangeBreakpoints done
Event: 647.178 Executing VM operation: ChangeBreakpoints
Event: 647.178 Executing VM operation: ChangeBreakpoints done
Event: 647.178 Executing VM operation: ChangeBreakpoints
Event: 647.178 Executing VM operation: ChangeBreakpoints done
Event: 647.180 Executing VM operation: RedefineClasses
Event: 647.228 Executing VM operation: RedefineClasses done
Event: 647.268 Executing VM operation: GetOrSetLocal


Dynamic libraries:
0x00007ff770f30000 - 0x00007ff770f67000 	D:\java\jdk\bin\java.exe
0x00007ff95daa0000 - 0x00007ff95dc8d000 	C:\Windows\SYSTEM32\ntdll.dll
0x00007ff95c0f0000 - 0x00007ff95c1a3000 	C:\Windows\System32\KERNEL32.DLL
0x00007ff95a830000 - 0x00007ff95aac3000 	C:\Windows\System32\KERNELBASE.dll
0x00007ff95b100000 - 0x00007ff95b1a3000 	C:\Windows\System32\ADVAPI32.dll
0x00007ff95b1b0000 - 0x00007ff95b24e000 	C:\Windows\System32\msvcrt.dll
0x00007ff95d840000 - 0x00007ff95d8de000 	C:\Windows\System32\sechost.dll
0x00007ff95bcb0000 - 0x00007ff95bdd2000 	C:\Windows\System32\RPCRT4.dll
0x00007ff95b940000 - 0x00007ff95bad7000 	C:\Windows\System32\USER32.dll
0x00007ff95aad0000 - 0x00007ff95aaf0000 	C:\Windows\System32\win32u.dll
0x00007ff95b000000 - 0x00007ff95b029000 	C:\Windows\System32\GDI32.dll
0x00007ff95a460000 - 0x00007ff95a5fa000 	C:\Windows\System32\gdi32full.dll
0x00007ff959c20000 - 0x00007ff959cc0000 	C:\Windows\System32\msvcp_win.dll
0x00007ff95a600000 - 0x00007ff95a6fa000 	C:\Windows\System32\ucrtbase.dll
0x00007ff94b7f0000 - 0x00007ff94ba69000 	C:\Windows\WinSxS\amd64_microsoft.windows.common-controls_6595b64144ccf1df_6.0.17763.379_none_05b83be8071c94a1\COMCTL32.dll
0x00007ff95acd0000 - 0x00007ff95affd000 	C:\Windows\System32\combase.dll
0x00007ff95a750000 - 0x00007ff95a7ce000 	C:\Windows\System32\bcryptPrimitives.dll
0x00007ff95c0c0000 - 0x00007ff95c0ee000 	C:\Windows\System32\IMM32.DLL
0x0000000057ac0000 - 0x0000000057b91000 	D:\java\jdk\jre\bin\msvcr100.dll
0x0000000057000000 - 0x00000000578a4000 	D:\java\jdk\jre\bin\server\jvm.dll
0x00007ff95b4b0000 - 0x00007ff95b4b8000 	C:\Windows\System32\PSAPI.DLL
0x00007ff946b40000 - 0x00007ff946b49000 	C:\Windows\SYSTEM32\WSOCK32.dll
0x00007ff9551c0000 - 0x00007ff9551ca000 	C:\Windows\SYSTEM32\VERSION.dll
0x00007ff952780000 - 0x00007ff9527a4000 	C:\Windows\SYSTEM32\WINMM.dll
0x00007ff95c2e0000 - 0x00007ff95c34d000 	C:\Windows\System32\WS2_32.dll
0x00007ff952750000 - 0x00007ff95277d000 	C:\Windows\SYSTEM32\winmmbase.dll
0x00007ff95a700000 - 0x00007ff95a74a000 	C:\Windows\System32\cfgmgr32.dll
0x00007ff956880000 - 0x00007ff95688f000 	D:\java\jdk\jre\bin\verify.dll
0x00007ff9385a0000 - 0x00007ff9385c9000 	D:\java\jdk\jre\bin\java.dll
0x00007ff938560000 - 0x00007ff938595000 	D:\java\jdk\jre\bin\jdwp.dll
0x00007ff944c70000 - 0x00007ff944c78000 	D:\java\jdk\jre\bin\npt.dll
0x00007ff938540000 - 0x00007ff938556000 	D:\java\jdk\jre\bin\zip.dll
0x00007ff95c350000 - 0x00007ff95d840000 	C:\Windows\System32\SHELL32.dll
0x00007ff95d9c0000 - 0x00007ff95da68000 	C:\Windows\System32\shcore.dll
0x00007ff959d10000 - 0x00007ff95a45a000 	C:\Windows\System32\windows.storage.dll
0x00007ff959b40000 - 0x00007ff959b64000 	C:\Windows\System32\profapi.dll
0x00007ff959ac0000 - 0x00007ff959b1d000 	C:\Windows\System32\powrprof.dll
0x00007ff95d960000 - 0x00007ff95d9b2000 	C:\Windows\System32\shlwapi.dll
0x00007ff959aa0000 - 0x00007ff959ab1000 	C:\Windows\System32\kernel.appcore.dll
0x00007ff959cf0000 - 0x00007ff959d07000 	C:\Windows\System32\cryptsp.dll
0x00007ff944c50000 - 0x00007ff944c59000 	D:\java\jdk\jre\bin\dt_socket.dll
0x00007ff9592c0000 - 0x00007ff959327000 	C:\Windows\system32\mswsock.dll
0x00007ff92f720000 - 0x00007ff92f73a000 	D:\java\jdk\jre\bin\net.dll
0x00007ff9542f0000 - 0x00007ff9544c6000 	C:\Windows\SYSTEM32\urlmon.dll
0x00007ff952c20000 - 0x00007ff952ec8000 	C:\Windows\SYSTEM32\iertutil.dll
0x00007ff959490000 - 0x00007ff95949c000 	C:\Windows\SYSTEM32\CRYPTBASE.DLL
0x00007ff92f700000 - 0x00007ff92f711000 	D:\java\jdk\jre\bin\nio.dll
0x00007ff944ba0000 - 0x00007ff944bad000 	D:\java\jdk\jre\bin\management.dll
0x00007ff954750000 - 0x00007ff954766000 	C:\Windows\system32\napinsp.dll
0x00007ff954700000 - 0x00007ff95471a000 	C:\Windows\system32\pnrpnsp.dll
0x00007ff959060000 - 0x00007ff959126000 	C:\Windows\SYSTEM32\DNSAPI.dll
0x00007ff95b250000 - 0x00007ff95b258000 	C:\Windows\System32\NSI.dll
0x00007ff959020000 - 0x00007ff95905d000 	C:\Windows\SYSTEM32\IPHLPAPI.DLL
0x00007ff9546f0000 - 0x00007ff9546fe000 	C:\Windows\System32\winrnr.dll
0x00007ff956830000 - 0x00007ff95684b000 	C:\Windows\system32\NLAapi.dll
0x00007ff954d60000 - 0x00007ff954d75000 	C:\Windows\system32\wshbth.dll
0x00007ff953d60000 - 0x00007ff953d6a000 	C:\Windows\System32\rasadhlp.dll
0x00007ff954ba0000 - 0x00007ff954c19000 	C:\Windows\System32\fwpuclnt.dll
0x00007ff959cc0000 - 0x00007ff959ce6000 	C:\Windows\System32\bcrypt.dll
0x00007ff958e80000 - 0x00007ff958eb3000 	C:\Windows\system32\rsaenh.dll
0x00007ff9599a0000 - 0x00007ff9599c8000 	C:\Windows\SYSTEM32\USERENV.dll
0x00007ff954cb0000 - 0x00007ff954cc6000 	C:\Windows\SYSTEM32\dhcpcsvc6.DLL
0x00007ff954c90000 - 0x00007ff954cac000 	C:\Windows\SYSTEM32\dhcpcsvc.DLL

VM Arguments:
jvm_args: -agentlib:jdwp=transport=dt_socket,address=127.0.0.1:55625,suspend=y,server=n -Didea.test.cyclic.buffer.size=1048576 -Dfile.encoding=UTF-8 
java_command: com.intellij.rt.execution.junit.JUnitStarter -ideVersion5 work.devtools.modules.DEV.service.impl.Dev_companyServiceImplTest,dynamicQueryTest
java_class_path (initial): D:\software\idea\IntelliJ IDEA 2017.1.6\lib\idea_rt.jar;D:\software\idea\IntelliJ IDEA 2017.1.6\plugins\junit\lib\junit-rt.jar;D:\java\jdk\jre\lib\charsets.jar;D:\java\jdk\jre\lib\deploy.jar;D:\java\jdk\jre\lib\ext\access-bridge-64.jar;D:\java\jdk\jre\lib\ext\cldrdata.jar;D:\java\jdk\jre\lib\ext\dnsns.jar;D:\java\jdk\jre\lib\ext\jaccess.jar;D:\java\jdk\jre\lib\ext\jfxrt.jar;D:\java\jdk\jre\lib\ext\localedata.jar;D:\java\jdk\jre\lib\ext\nashorn.jar;D:\java\jdk\jre\lib\ext\sunec.jar;D:\java\jdk\jre\lib\ext\sunjce_provider.jar;D:\java\jdk\jre\lib\ext\sunmscapi.jar;D:\java\jdk\jre\lib\ext\sunpkcs11.jar;D:\java\jdk\jre\lib\ext\zipfs.jar;D:\java\jdk\jre\lib\javaws.jar;D:\java\jdk\jre\lib\jce.jar;D:\java\jdk\jre\lib\jfr.jar;D:\java\jdk\jre\lib\jfxswt.jar;D:\java\jdk\jre\lib\jsse.jar;D:\java\jdk\jre\lib\management-agent.jar;D:\java\jdk\jre\lib\plugin.jar;D:\java\jdk\jre\lib\resources.jar;D:\java\jdk\jre\lib\rt.jar;D:\ybworkspace\devtools\target\test-classes;D:\ybworkspace\devtools\target\classes;C:\Users\20190301\.m2\repository\org\springframework\boot\spring-boot-starter\2.0.6.RELEASE\spring-boot-starter-2.0.6.RELEASE.jar;C:\Users\20190301\.m2\repository\org\springframework\boot\spring-boot\2.0.6.RELEASE\spring-boot-2.0.6.RELEASE.jar;C:\Users\20190301\.m2\repository\org\springframework\boot\spring-boot-autoconfigure\2.0.6.RELEASE\spring-boot-autoconfigure-2.0.6.RELEASE.jar;C:\Users\20190301\.m2\repository\org\springframework\boot\spring-boot-starter-logging\2.0.6.RELEASE\spring-boot-starter-logging-2.0.6.RELEASE.jar;C:\Users\20190301\.m2\repository\ch\qos\logback\logback-classic\1.2.3\logback-classic-1.2.3.jar;C:\Users\20190301\.m2\repository\ch\qos\logback\logback-core\1.2.3\logback-core-1.2.3.jar;C:\Users\20190301\.m2\repository\org\apache\logging\log4j\log4j-to-slf4j\2.10.0\log4j-to-slf4j-2.10.0.jar;C:\Users\20190301\.m2\repository\org\apache\logging\log4j\log4j-api\2.10.0\log4j-api-2.10.0.jar;C:\Users\20190301\.m2\repository\org\slf4j\jul-t
Launcher Type: SUN_STANDARD

Environment Variables:
PATH=C:\Program Files (x86)\Common Files\Oracle\Java\javapath;C:\Program Files (x86)\Intel\Intel(R) Management Engine Components\iCLS\;C:\Program Files\Intel\Intel(R) Management Engine Components\iCLS\;C:\Windows\system32;C:\Windows;C:\Windows\System32\Wbem;C:\Windows\System32\WindowsPowerShell\v1.0\;C:\Windows\System32\OpenSSH\;C:\Program Files (x86)\Intel\Intel(R) Management Engine Components\DAL;C:\Program Files\Intel\Intel(R) Management Engine Components\DAL;C:\Program Files (x86)\NVIDIA Corporation\PhysX\Common;D:\tool\Git\cmd;D:\tool\tortoiseGit\bin;D:\tool\;D:\javatool\apache-maven-3.6.0-bin\bin;C:\Users\20190301\AppData\Local\Microsoft\WindowsApps;C:\Users\20190301\AppData\Roaming\npm
USERNAME=20190301
OS=Windows_NT
PROCESSOR_IDENTIFIER=Intel64 Family 6 Model 158 Stepping 10, GenuineIntel



---------------  S Y S T E M  ---------------

OS: Windows 10.0 , 64 bit Build 17763 (10.0.17763.379)

CPU:total 6 (initial active 6) (6 cores per cpu, 1 threads per core) family 6 model 158 stepping 10, cmov, cx8, fxsr, mmx, sse, sse2, sse3, ssse3, sse4.1, sse4.2, popcnt, avx, avx2, aes, clmul, erms, 3dnowpref, lzcnt, tsc, tscinvbit, bmi1, bmi2, adx

Memory: 4k page, physical 16599440k(5902588k free), swap 26231432k(3127104k free)

vm_info: Java HotSpot(TM) 64-Bit Server VM (25.201-b09) for windows-amd64 JRE (1.8.0_201-b09), built on Dec 15 2018 18:36:39 by "java_re" with MS VC++ 10.0 (VS2010)

time: Sun Mar 31 18:18:33 2019
timezone: 中国标准时间
elapsed time: 647 seconds (0d 0h 10m 47s)

